
fatal: Fatal
fatal: Fatal
error: undefined
error: undefined
error: undefined
error: undefined
error: undefined
error: undefined
error: undefined
error: undefined
error: undefined
error: undefined
error: undefined
error: undefined
error: undefined
error: undefined
error: undefined
error: undefined
error: undefined
error: undefined
error: undefined
error: undefined
error: undefined
error: undefined
error: undefined
error: undefined
error: undefined
error: undefined
error: undefined
error: undefined
error: undefined
error: undefined
error: undefined
error: undefined
error: undefined
error: undefined
error: undefined
error: undefined
error: undefined
error: undefined
error: undefined
error: undefined
error: undefined
error: undefined
error: undefined
error: undefined
error: undefined
error: Operation `products.find()` buffering timed out after 10000ms
error: undefined
error: undefined
error: Operation `products.find()` buffering timed out after 10000ms
error: undefined
error: undefined
error: Operation `products.find()` buffering timed out after 10000ms
error: undefined
error: undefined
error: Operation `products.find()` buffering timed out after 10000ms
error: undefined
error: undefined
error: undefined
error: Operation `products.find()` buffering timed out after 10000ms
error: undefined
error: undefined
error: undefined
error: undefined
error: undefined
error: undefined
error: undefined
error: undefined
error: undefined
error: undefined
error: undefined
error: undefined
error: undefined
error: undefined
error: undefined
error: undefined
error: undefined
error: undefined
error: undefined
error: undefined
error: undefined
error: undefined
error: undefined
error: undefined
error: undefined
error: undefined
error: undefined
error: undefined
error: undefined
error: undefined
error: undefined
error: undefined
error: undefined
error: undefined
error: undefined
error: undefined
error: undefined
error: undefined
error: undefined
error: undefined
error: Operation `products.find()` buffering timed out after 10000ms
error: Operation `products.find()` buffering timed out after 10000ms
error: Operation `products.find()` buffering timed out after 10000ms
error: Operation `products.find()` buffering timed out after 10000ms
error: Operation `products.find()` buffering timed out after 10000ms
error: Operation `products.find()` buffering timed out after 10000ms
error: Operation `products.find()` buffering timed out after 10000ms
error: Operation `products.find()` buffering timed out after 10000ms
error: Operation `products.find()` buffering timed out after 10000ms
error: Operation `products.find()` buffering timed out after 10000ms
error: Operation `products.find()` buffering timed out after 10000ms
error: Operation `products.find()` buffering timed out after 10000ms
error: Operation `products.find()` buffering timed out after 10000ms
error: Operation `products.find()` buffering timed out after 10000ms
error: Operation `products.find()` buffering timed out after 10000ms
error: Operation `products.find()` buffering timed out after 10000ms
error: Operation `products.find()` buffering timed out after 10000ms
error: There are empty fields
error: There are empty fields
error: cookie_name is not defined
